<?xml version="1.0" encoding="UTF-8"?>
<coverage generated="1663862348894" clover="3.2.0">
  <project timestamp="1663862348895" name="All files">
    <metrics statements="48" coveredstatements="48" conditionals="14" coveredconditionals="12" methods="15" coveredmethods="15" elements="77" coveredelements="75" complexity="0" loc="48" ncloc="48" packages="1" files="1" classes="1"/>
    <file name="base.model.ts" path="E:\Lib\src\models\base.model.ts">
      <metrics statements="48" coveredstatements="48" conditionals="14" coveredconditionals="12" methods="15" coveredmethods="15"/>
      <line num="1" count="1" type="stmt"/>
      <line num="4" count="1" type="stmt"/>
      <line num="5" count="11" type="stmt"/>
      <line num="11" count="11" type="stmt"/>
      <line num="12" count="11" type="stmt"/>
      <line num="13" count="11" type="stmt"/>
      <line num="14" count="11" type="stmt"/>
      <line num="16" count="1" type="stmt"/>
      <line num="17" count="8" type="stmt"/>
      <line num="21" count="11" type="cond" truecount="2" falsecount="0"/>
      <line num="22" count="10" type="stmt"/>
      <line num="23" count="1" type="stmt"/>
      <line num="26" count="1" type="stmt"/>
      <line num="27" count="1" type="stmt"/>
      <line num="31" count="10" type="cond" truecount="2" falsecount="0"/>
      <line num="32" count="9" type="stmt"/>
      <line num="33" count="1" type="stmt"/>
      <line num="36" count="1" type="stmt"/>
      <line num="37" count="1" type="stmt"/>
      <line num="41" count="9" type="stmt"/>
      <line num="44" count="1" type="stmt"/>
      <line num="45" count="18" type="stmt"/>
      <line num="49" count="9" type="stmt"/>
      <line num="53" count="11" type="stmt"/>
      <line num="54" count="10" type="stmt"/>
      <line num="55" count="9" type="stmt"/>
      <line num="56" count="9" type="stmt"/>
      <line num="64" count="7" type="cond" truecount="0" falsecount="1"/>
      <line num="65" count="7" type="stmt"/>
      <line num="66" count="9" type="cond" truecount="2" falsecount="0"/>
      <line num="69" count="9" type="stmt"/>
      <line num="78" count="5" type="cond" truecount="0" falsecount="1"/>
      <line num="80" count="5" type="stmt"/>
      <line num="81" count="5" type="stmt"/>
      <line num="83" count="4" type="stmt"/>
      <line num="92" count="1" type="stmt"/>
      <line num="93" count="1" type="cond" truecount="1" falsecount="0"/>
      <line num="94" count="1" type="stmt"/>
      <line num="97" count="1" type="stmt"/>
      <line num="110" count="1" type="stmt"/>
      <line num="113" count="4" type="stmt"/>
      <line num="114" count="4" type="cond" truecount="2" falsecount="0"/>
      <line num="115" count="3" type="stmt"/>
      <line num="122" count="1" type="stmt"/>
      <line num="124" count="2" type="stmt"/>
      <line num="125" count="2" type="cond" truecount="1" falsecount="0"/>
      <line num="126" count="2" type="stmt"/>
      <line num="139" count="1" type="stmt"/>
    </file>
  </project>
</coverage>
