<?xml version="1.0" encoding="UTF-8"?>
<coverage generated="1663739016823" clover="3.2.0">
  <project timestamp="1663739016824" name="All files">
    <metrics statements="39" coveredstatements="39" conditionals="14" coveredconditionals="11" methods="13" coveredmethods="13" elements="66" coveredelements="63" complexity="0" loc="39" ncloc="39" packages="1" files="1" classes="1"/>
    <file name="base.model.ts" path="E:\Lib\src\models\base.model.ts">
      <metrics statements="39" coveredstatements="39" conditionals="14" coveredconditionals="11" methods="13" coveredmethods="13"/>
      <line num="1" count="1" type="stmt"/>
      <line num="4" count="1" type="stmt"/>
      <line num="5" count="9" type="stmt"/>
      <line num="11" count="9" type="stmt"/>
      <line num="12" count="9" type="stmt"/>
      <line num="13" count="9" type="stmt"/>
      <line num="14" count="9" type="stmt"/>
      <line num="17" count="6" type="stmt"/>
      <line num="21" count="9" type="cond" truecount="2" falsecount="0"/>
      <line num="22" count="8" type="stmt"/>
      <line num="23" count="1" type="stmt"/>
      <line num="27" count="1" type="stmt"/>
      <line num="31" count="8" type="cond" truecount="2" falsecount="0"/>
      <line num="32" count="7" type="stmt"/>
      <line num="33" count="1" type="stmt"/>
      <line num="37" count="1" type="stmt"/>
      <line num="41" count="7" type="stmt"/>
      <line num="45" count="6" type="stmt"/>
      <line num="49" count="7" type="stmt"/>
      <line num="53" count="9" type="stmt"/>
      <line num="54" count="8" type="stmt"/>
      <line num="55" count="7" type="stmt"/>
      <line num="56" count="7" type="stmt"/>
      <line num="65" count="5" type="stmt"/>
      <line num="66" count="5" type="stmt"/>
      <line num="76" count="5" type="stmt"/>
      <line num="77" count="5" type="stmt"/>
      <line num="79" count="4" type="stmt"/>
      <line num="85" count="1" type="stmt"/>
      <line num="86" count="1" type="cond" truecount="1" falsecount="0"/>
      <line num="87" count="1" type="stmt"/>
      <line num="90" count="1" type="stmt"/>
      <line num="106" count="4" type="stmt"/>
      <line num="107" count="4" type="cond" truecount="2" falsecount="0"/>
      <line num="108" count="3" type="stmt"/>
      <line num="115" count="1" type="stmt"/>
      <line num="117" count="2" type="stmt"/>
      <line num="118" count="2" type="cond" truecount="1" falsecount="0"/>
      <line num="119" count="2" type="stmt"/>
    </file>
  </project>
</coverage>
