{"E:\\Lib\\src\\models\\base.model.ts": {"path":"E:\\Lib\\src\\models\\base.model.ts","statementMap":{"0":{"start":{"line":1,"column":0},"end":{"line":1,"column":26}},"1":{"start":{"line":4,"column":0},"end":{"line":4,"column":null}},"2":{"start":{"line":5,"column":21},"end":{"line":9,"column":68}},"3":{"start":{"line":11,"column":12},"end":{"line":11,"column":31}},"4":{"start":{"line":12,"column":12},"end":{"line":12,"column":31}},"5":{"start":{"line":13,"column":12},"end":{"line":13,"column":37}},"6":{"start":{"line":14,"column":12},"end":{"line":14,"column":64}},"7":{"start":{"line":53,"column":8},"end":{"line":53,"column":25}},"8":{"start":{"line":54,"column":8},"end":{"line":54,"column":27}},"9":{"start":{"line":55,"column":8},"end":{"line":55,"column":37}},"10":{"start":{"line":56,"column":8},"end":{"line":56,"column":23}},"11":{"start":{"line":16,"column":4},"end":{"line":18,"column":null}},"12":{"start":{"line":17,"column":8},"end":{"line":17,"column":26}},"13":{"start":{"line":21,"column":8},"end":{"line":23,"column":47}},"14":{"start":{"line":22,"column":12},"end":{"line":22,"column":30}},"15":{"start":{"line":23,"column":15},"end":{"line":23,"column":47}},"16":{"start":{"line":26,"column":4},"end":{"line":28,"column":null}},"17":{"start":{"line":27,"column":8},"end":{"line":27,"column":27}},"18":{"start":{"line":31,"column":8},"end":{"line":33,"column":77}},"19":{"start":{"line":32,"column":12},"end":{"line":32,"column":32}},"20":{"start":{"line":33,"column":15},"end":{"line":33,"column":77}},"21":{"start":{"line":36,"column":4},"end":{"line":38,"column":null}},"22":{"start":{"line":37,"column":8},"end":{"line":37,"column":32}},"23":{"start":{"line":41,"column":8},"end":{"line":41,"column":38}},"24":{"start":{"line":44,"column":4},"end":{"line":46,"column":null}},"25":{"start":{"line":45,"column":8},"end":{"line":45,"column":25}},"26":{"start":{"line":49,"column":8},"end":{"line":49,"column":24}},"27":{"start":{"line":64,"column":12},"end":{"line":71,"column":null}},"28":{"start":{"line":64,"column":4},"end":{"line":64,"column":12}},"29":{"start":{"line":64,"column":26},"end":{"line":64,"column":null}},"30":{"start":{"line":65,"column":8},"end":{"line":70,"column":23}},"31":{"start":{"line":66,"column":25},"end":{"line":68,"column":21}},"32":{"start":{"line":69,"column":28},"end":{"line":69,"column":33}},"33":{"start":{"line":78,"column":20},"end":{"line":103,"column":null}},"34":{"start":{"line":78,"column":26},"end":{"line":78,"column":null}},"35":{"start":{"line":80,"column":18},"end":{"line":80,"column":50}},"36":{"start":{"line":81,"column":29},"end":{"line":81,"column":null}},"37":{"start":{"line":81,"column":18},"end":{"line":81,"column":null}},"38":{"start":{"line":83,"column":12},"end":{"line":90,"column":null}},"39":{"start":{"line":92,"column":16},"end":{"line":92,"column":42}},"40":{"start":{"line":93,"column":12},"end":{"line":95,"column":null}},"41":{"start":{"line":94,"column":16},"end":{"line":94,"column":40}},"42":{"start":{"line":97,"column":12},"end":{"line":101,"column":null}},"43":{"start":{"line":110,"column":14},"end":{"line":132,"column":null}},"44":{"start":{"line":113,"column":8},"end":{"line":131,"column":null}},"45":{"start":{"line":114,"column":12},"end":{"line":122,"column":56}},"46":{"start":{"line":115,"column":16},"end":{"line":121,"column":null}},"47":{"start":{"line":122,"column":19},"end":{"line":122,"column":56}},"48":{"start":{"line":124,"column":26},"end":{"line":124,"column":41}},"49":{"start":{"line":125,"column":12},"end":{"line":125,"column":64}},"50":{"start":{"line":125,"column":40},"end":{"line":125,"column":64}},"51":{"start":{"line":126,"column":12},"end":{"line":130,"column":null}},"52":{"start":{"line":139,"column":0},"end":{"line":139,"column":null}}},"fnMap":{"0":{"name":"(anonymous_14)","decl":{"start":{"line":4,"column":0},"end":{"line":4,"column":null}},"loc":{"start":{"line":4,"column":0},"end":{"line":139,"column":null}}},"1":{"name":"CrawlModel","decl":{"start":{"line":52,"column":4},"end":{"line":52,"column":16}},"loc":{"start":{"line":52,"column":89},"end":{"line":57,"column":5}}},"2":{"name":"(anonymous_16)","decl":{"start":{"line":16,"column":4},"end":{"line":16,"column":15}},"loc":{"start":{"line":16,"column":4},"end":{"line":18,"column":5}}},"3":{"name":"(anonymous_17)","decl":{"start":{"line":20,"column":4},"end":{"line":20,"column":20}},"loc":{"start":{"line":20,"column":32},"end":{"line":24,"column":5}}},"4":{"name":"(anonymous_18)","decl":{"start":{"line":26,"column":4},"end":{"line":26,"column":15}},"loc":{"start":{"line":26,"column":4},"end":{"line":28,"column":5}}},"5":{"name":"(anonymous_19)","decl":{"start":{"line":30,"column":4},"end":{"line":30,"column":21}},"loc":{"start":{"line":30,"column":34},"end":{"line":34,"column":5}}},"6":{"name":"(anonymous_20)","decl":{"start":{"line":36,"column":4},"end":{"line":36,"column":15}},"loc":{"start":{"line":36,"column":4},"end":{"line":38,"column":5}}},"7":{"name":"(anonymous_21)","decl":{"start":{"line":40,"column":4},"end":{"line":40,"column":26}},"loc":{"start":{"line":40,"column":44},"end":{"line":42,"column":5}}},"8":{"name":"(anonymous_22)","decl":{"start":{"line":44,"column":4},"end":{"line":44,"column":15}},"loc":{"start":{"line":44,"column":4},"end":{"line":46,"column":5}}},"9":{"name":"(anonymous_23)","decl":{"start":{"line":48,"column":4},"end":{"line":48,"column":19}},"loc":{"start":{"line":48,"column":43},"end":{"line":50,"column":5}}},"10":{"name":"(anonymous_24)","decl":{"start":{"line":64,"column":4},"end":{"line":64,"column":12}},"loc":{"start":{"line":64,"column":43},"end":{"line":71,"column":5}}},"11":{"name":"(anonymous_25)","decl":{"start":{"line":66,"column":17},"end":{"line":66,"column":21}},"loc":{"start":{"line":66,"column":21},"end":{"line":66,"column":29}}},"12":{"name":"(anonymous_26)","decl":{"start":{"line":69,"column":20},"end":{"line":69,"column":24}},"loc":{"start":{"line":69,"column":24},"end":{"line":69,"column":32}}},"13":{"name":"(anonymous_27)","decl":{"start":{"line":78,"column":4},"end":{"line":78,"column":20}},"loc":{"start":{"line":78,"column":43},"end":{"line":103,"column":null}}},"14":{"name":"(anonymous_30)","decl":{"start":{"line":110,"column":4},"end":{"line":110,"column":14}},"loc":{"start":{"line":111,"column":67},"end":{"line":132,"column":5}}}},"branchMap":{"0":{"loc":{"start":{"line":21,"column":8},"end":{"line":23,"column":47}},"type":"if","locations":[{"start":{"line":21,"column":8},"end":{"line":23,"column":47}},{"start":{"line":23,"column":15},"end":{"line":23,"column":47}}]},"1":{"loc":{"start":{"line":31,"column":8},"end":{"line":33,"column":77}},"type":"if","locations":[{"start":{"line":31,"column":8},"end":{"line":33,"column":77}},{"start":{"line":33,"column":15},"end":{"line":33,"column":77}}]},"2":{"loc":{"start":{"line":64,"column":26},"end":{"line":64,"column":null}},"type":"if","locations":[{"start":{"line":64,"column":26},"end":{"line":64,"column":null}}]},"3":{"loc":{"start":{"line":66,"column":25},"end":{"line":68,"column":20}},"type":"cond-expr","locations":[{"start":{"line":67,"column":18},"end":{"line":67,"column":66}},{"start":{"line":68,"column":18},"end":{"line":68,"column":20}}]},"4":{"loc":{"start":{"line":78,"column":26},"end":{"line":78,"column":null}},"type":"if","locations":[{"start":{"line":78,"column":26},"end":{"line":78,"column":null}}]},"5":{"loc":{"start":{"line":93,"column":12},"end":{"line":95,"column":null}},"type":"if","locations":[{"start":{"line":93,"column":12},"end":{"line":95,"column":null}}]},"6":{"loc":{"start":{"line":114,"column":12},"end":{"line":122,"column":56}},"type":"if","locations":[{"start":{"line":114,"column":12},"end":{"line":122,"column":56}},{"start":{"line":122,"column":19},"end":{"line":122,"column":56}}]},"7":{"loc":{"start":{"line":117,"column":26},"end":{"line":119,"column":54}},"type":"cond-expr","locations":[{"start":{"line":118,"column":26},"end":{"line":118,"column":50}},{"start":{"line":119,"column":26},"end":{"line":119,"column":54}}]},"8":{"loc":{"start":{"line":125,"column":12},"end":{"line":125,"column":64}},"type":"if","locations":[{"start":{"line":125,"column":12},"end":{"line":125,"column":64}}]}},"s":{"0":1,"1":1,"2":11,"3":11,"4":11,"5":11,"6":11,"7":11,"8":10,"9":9,"10":9,"11":1,"12":8,"13":11,"14":10,"15":1,"16":1,"17":1,"18":10,"19":9,"20":1,"21":1,"22":1,"23":9,"24":1,"25":18,"26":9,"27":1,"28":7,"29":7,"30":7,"31":9,"32":9,"33":1,"34":5,"35":5,"36":5,"37":5,"38":4,"39":1,"40":1,"41":1,"42":1,"43":1,"44":4,"45":4,"46":3,"47":1,"48":2,"49":2,"50":2,"51":2,"52":1},"f":{"0":1,"1":11,"2":8,"3":11,"4":1,"5":10,"6":1,"7":9,"8":18,"9":9,"10":7,"11":9,"12":9,"13":5,"14":4},"b":{"0":[10,1],"1":[9,1],"2":[0],"3":[8,1],"4":[0],"5":[1],"6":[3,1],"7":[2,1],"8":[2]}}
}
