{"E:\\Lib\\src\\models\\base.model.ts": {"path":"E:\\Lib\\src\\models\\base.model.ts","statementMap":{"0":{"start":{"line":1,"column":0},"end":{"line":1,"column":26}},"1":{"start":{"line":5,"column":21},"end":{"line":9,"column":68}},"2":{"start":{"line":11,"column":12},"end":{"line":11,"column":31}},"3":{"start":{"line":12,"column":12},"end":{"line":12,"column":31}},"4":{"start":{"line":13,"column":12},"end":{"line":13,"column":37}},"5":{"start":{"line":14,"column":12},"end":{"line":14,"column":64}},"6":{"start":{"line":53,"column":8},"end":{"line":53,"column":25}},"7":{"start":{"line":54,"column":8},"end":{"line":54,"column":27}},"8":{"start":{"line":55,"column":8},"end":{"line":55,"column":37}},"9":{"start":{"line":56,"column":8},"end":{"line":56,"column":23}},"10":{"start":{"line":17,"column":8},"end":{"line":17,"column":26}},"11":{"start":{"line":21,"column":8},"end":{"line":23,"column":47}},"12":{"start":{"line":22,"column":12},"end":{"line":22,"column":30}},"13":{"start":{"line":23,"column":15},"end":{"line":23,"column":47}},"14":{"start":{"line":27,"column":8},"end":{"line":27,"column":27}},"15":{"start":{"line":31,"column":8},"end":{"line":33,"column":77}},"16":{"start":{"line":32,"column":12},"end":{"line":32,"column":32}},"17":{"start":{"line":33,"column":15},"end":{"line":33,"column":77}},"18":{"start":{"line":37,"column":8},"end":{"line":37,"column":32}},"19":{"start":{"line":41,"column":8},"end":{"line":41,"column":38}},"20":{"start":{"line":45,"column":8},"end":{"line":45,"column":25}},"21":{"start":{"line":49,"column":8},"end":{"line":49,"column":24}},"22":{"start":{"line":65,"column":8},"end":{"line":67,"column":23}},"23":{"start":{"line":66,"column":25},"end":{"line":66,"column":73}},"24":{"start":{"line":76,"column":8},"end":{"line":95,"column":null}},"25":{"start":{"line":77,"column":29},"end":{"line":77,"column":83}},"26":{"start":{"line":79,"column":12},"end":{"line":83,"column":null}},"27":{"start":{"line":85,"column":26},"end":{"line":85,"column":41}},"28":{"start":{"line":86,"column":12},"end":{"line":88,"column":null}},"29":{"start":{"line":87,"column":16},"end":{"line":87,"column":40}},"30":{"start":{"line":90,"column":12},"end":{"line":94,"column":null}},"31":{"start":{"line":106,"column":8},"end":{"line":124,"column":null}},"32":{"start":{"line":107,"column":12},"end":{"line":115,"column":56}},"33":{"start":{"line":108,"column":16},"end":{"line":114,"column":null}},"34":{"start":{"line":115,"column":19},"end":{"line":115,"column":56}},"35":{"start":{"line":117,"column":26},"end":{"line":117,"column":41}},"36":{"start":{"line":118,"column":12},"end":{"line":118,"column":64}},"37":{"start":{"line":118,"column":40},"end":{"line":118,"column":64}},"38":{"start":{"line":119,"column":12},"end":{"line":123,"column":null}},"39":{"start":{"line":4,"column":0},"end":{"line":4,"column":30}}},"fnMap":{"0":{"name":"(anonymous_8)","decl":{"start":{"line":52,"column":4},"end":{"line":52,"column":16}},"loc":{"start":{"line":52,"column":89},"end":{"line":57,"column":5}}},"1":{"name":"(anonymous_9)","decl":{"start":{"line":16,"column":4},"end":{"line":16,"column":15}},"loc":{"start":{"line":16,"column":19},"end":{"line":18,"column":5}}},"2":{"name":"(anonymous_10)","decl":{"start":{"line":20,"column":4},"end":{"line":20,"column":15}},"loc":{"start":{"line":20,"column":32},"end":{"line":24,"column":5}}},"3":{"name":"(anonymous_11)","decl":{"start":{"line":26,"column":4},"end":{"line":26,"column":15}},"loc":{"start":{"line":26,"column":20},"end":{"line":28,"column":5}}},"4":{"name":"(anonymous_12)","decl":{"start":{"line":30,"column":4},"end":{"line":30,"column":15}},"loc":{"start":{"line":30,"column":34},"end":{"line":34,"column":5}}},"5":{"name":"(anonymous_13)","decl":{"start":{"line":36,"column":4},"end":{"line":36,"column":15}},"loc":{"start":{"line":36,"column":25},"end":{"line":38,"column":5}}},"6":{"name":"(anonymous_14)","decl":{"start":{"line":40,"column":4},"end":{"line":40,"column":15}},"loc":{"start":{"line":40,"column":44},"end":{"line":42,"column":5}}},"7":{"name":"(anonymous_15)","decl":{"start":{"line":44,"column":4},"end":{"line":44,"column":15}},"loc":{"start":{"line":44,"column":18},"end":{"line":46,"column":5}}},"8":{"name":"(anonymous_16)","decl":{"start":{"line":48,"column":4},"end":{"line":48,"column":15}},"loc":{"start":{"line":48,"column":43},"end":{"line":50,"column":5}}},"9":{"name":"(anonymous_17)","decl":{"start":{"line":64,"column":12},"end":{"line":64,"column":25}},"loc":{"start":{"line":64,"column":43},"end":{"line":68,"column":5}}},"10":{"name":"(anonymous_18)","decl":{"start":{"line":66,"column":17},"end":{"line":66,"column":21}},"loc":{"start":{"line":66,"column":25},"end":{"line":66,"column":73}}},"11":{"name":"(anonymous_19)","decl":{"start":{"line":75,"column":20},"end":{"line":75,"column":25}},"loc":{"start":{"line":75,"column":43},"end":{"line":96,"column":null}}},"12":{"name":"(anonymous_21)","decl":{"start":{"line":103,"column":14},"end":{"line":103,"column":27}},"loc":{"start":{"line":104,"column":67},"end":{"line":125,"column":5}}}},"branchMap":{"0":{"loc":{"start":{"line":21,"column":8},"end":{"line":23,"column":47}},"type":"if","locations":[{"start":{"line":21,"column":8},"end":{"line":23,"column":47}},{"start":{"line":23,"column":15},"end":{"line":23,"column":47}}]},"1":{"loc":{"start":{"line":31,"column":8},"end":{"line":33,"column":77}},"type":"if","locations":[{"start":{"line":31,"column":8},"end":{"line":33,"column":77}},{"start":{"line":33,"column":15},"end":{"line":33,"column":77}}]},"2":{"loc":{"start":{"line":64,"column":26},"end":{"line":64,"column":43}},"type":"default-arg","locations":[{"start":{"line":64,"column":41},"end":{"line":64,"column":43}}]},"3":{"loc":{"start":{"line":75,"column":26},"end":{"line":75,"column":43}},"type":"default-arg","locations":[{"start":{"line":75,"column":41},"end":{"line":75,"column":43}}]},"4":{"loc":{"start":{"line":81,"column":22},"end":{"line":81,"column":75}},"type":"cond-expr","locations":[{"start":{"line":81,"column":50},"end":{"line":81,"column":63}},{"start":{"line":81,"column":66},"end":{"line":81,"column":75}}]},"5":{"loc":{"start":{"line":86,"column":12},"end":{"line":88,"column":null}},"type":"if","locations":[{"start":{"line":86,"column":12},"end":{"line":88,"column":null}}]},"6":{"loc":{"start":{"line":107,"column":12},"end":{"line":115,"column":56}},"type":"if","locations":[{"start":{"line":107,"column":12},"end":{"line":115,"column":56}},{"start":{"line":115,"column":19},"end":{"line":115,"column":56}}]},"7":{"loc":{"start":{"line":110,"column":26},"end":{"line":112,"column":54}},"type":"cond-expr","locations":[{"start":{"line":111,"column":26},"end":{"line":111,"column":50}},{"start":{"line":112,"column":26},"end":{"line":112,"column":54}}]},"8":{"loc":{"start":{"line":118,"column":12},"end":{"line":118,"column":64}},"type":"if","locations":[{"start":{"line":118,"column":12},"end":{"line":118,"column":64}}]}},"s":{"0":1,"1":9,"2":9,"3":9,"4":9,"5":9,"6":9,"7":8,"8":7,"9":7,"10":6,"11":9,"12":8,"13":1,"14":1,"15":8,"16":7,"17":1,"18":1,"19":7,"20":6,"21":7,"22":5,"23":5,"24":5,"25":5,"26":4,"27":1,"28":1,"29":1,"30":1,"31":4,"32":4,"33":3,"34":1,"35":2,"36":2,"37":2,"38":2,"39":1},"f":{"0":9,"1":6,"2":9,"3":1,"4":8,"5":1,"6":7,"7":6,"8":7,"9":5,"10":5,"11":5,"12":4},"b":{"0":[8,1],"1":[7,1],"2":[0],"3":[0],"4":[4,0],"5":[1],"6":[3,1],"7":[2,1],"8":[2]}}
}
