TN:
SF:src\models\base.model.ts
FN:4,(anonymous_14)
FN:52,CrawlModel
FN:16,(anonymous_16)
FN:20,(anonymous_17)
FN:26,(anonymous_18)
FN:30,(anonymous_19)
FN:36,(anonymous_20)
FN:40,(anonymous_21)
FN:44,(anonymous_22)
FN:48,(anonymous_23)
FN:64,(anonymous_24)
FN:66,(anonymous_25)
FN:69,(anonymous_26)
FN:78,(anonymous_27)
FN:110,(anonymous_30)
FNF:15
FNH:15
FNDA:1,(anonymous_14)
FNDA:11,CrawlModel
FNDA:8,(anonymous_16)
FNDA:11,(anonymous_17)
FNDA:1,(anonymous_18)
FNDA:10,(anonymous_19)
FNDA:1,(anonymous_20)
FNDA:9,(anonymous_21)
FNDA:18,(anonymous_22)
FNDA:9,(anonymous_23)
FNDA:7,(anonymous_24)
FNDA:9,(anonymous_25)
FNDA:9,(anonymous_26)
FNDA:5,(anonymous_27)
FNDA:4,(anonymous_30)
DA:1,1
DA:4,1
DA:5,11
DA:11,11
DA:12,11
DA:13,11
DA:14,11
DA:16,1
DA:17,8
DA:21,11
DA:22,10
DA:23,1
DA:26,1
DA:27,1
DA:31,10
DA:32,9
DA:33,1
DA:36,1
DA:37,1
DA:41,9
DA:44,1
DA:45,18
DA:49,9
DA:53,11
DA:54,10
DA:55,9
DA:56,9
DA:64,7
DA:65,7
DA:66,9
DA:69,9
DA:78,5
DA:80,5
DA:81,5
DA:83,4
DA:92,1
DA:93,1
DA:94,1
DA:97,1
DA:110,1
DA:113,4
DA:114,4
DA:115,3
DA:122,1
DA:124,2
DA:125,2
DA:126,2
DA:139,1
LF:48
LH:48
BRDA:21,0,0,10
BRDA:21,0,1,1
BRDA:31,1,0,9
BRDA:31,1,1,1
BRDA:64,2,0,0
BRDA:66,3,0,8
BRDA:66,3,1,1
BRDA:78,4,0,0
BRDA:93,5,0,1
BRDA:114,6,0,3
BRDA:114,6,1,1
BRDA:117,7,0,2
BRDA:117,7,1,1
BRDA:125,8,0,2
BRF:14
BRH:12
end_of_record
