TN:
SF:src\models\base.model.ts
FN:52,(anonymous_8)
FN:16,(anonymous_9)
FN:20,(anonymous_10)
FN:26,(anonymous_11)
FN:30,(anonymous_12)
FN:36,(anonymous_13)
FN:40,(anonymous_14)
FN:44,(anonymous_15)
FN:48,(anonymous_16)
FN:64,(anonymous_17)
FN:66,(anonymous_18)
FN:75,(anonymous_19)
FN:103,(anonymous_21)
FNF:13
FNH:13
FNDA:9,(anonymous_8)
FNDA:6,(anonymous_9)
FNDA:9,(anonymous_10)
FNDA:1,(anonymous_11)
FNDA:8,(anonymous_12)
FNDA:1,(anonymous_13)
FNDA:7,(anonymous_14)
FNDA:6,(anonymous_15)
FNDA:7,(anonymous_16)
FNDA:5,(anonymous_17)
FNDA:5,(anonymous_18)
FNDA:5,(anonymous_19)
FNDA:4,(anonymous_21)
DA:1,1
DA:4,1
DA:5,9
DA:11,9
DA:12,9
DA:13,9
DA:14,9
DA:17,6
DA:21,9
DA:22,8
DA:23,1
DA:27,1
DA:31,8
DA:32,7
DA:33,1
DA:37,1
DA:41,7
DA:45,6
DA:49,7
DA:53,9
DA:54,8
DA:55,7
DA:56,7
DA:65,5
DA:66,5
DA:76,5
DA:77,5
DA:79,4
DA:85,1
DA:86,1
DA:87,1
DA:90,1
DA:106,4
DA:107,4
DA:108,3
DA:115,1
DA:117,2
DA:118,2
DA:119,2
LF:39
LH:39
BRDA:21,0,0,8
BRDA:21,0,1,1
BRDA:31,1,0,7
BRDA:31,1,1,1
BRDA:64,2,0,0
BRDA:75,3,0,0
BRDA:81,4,0,4
BRDA:81,4,1,0
BRDA:86,5,0,1
BRDA:107,6,0,3
BRDA:107,6,1,1
BRDA:110,7,0,2
BRDA:110,7,1,1
BRDA:118,8,0,2
BRF:14
BRH:11
end_of_record
